<?xml version="1.0" encoding="UTF-8" ?>
<testsuite tests="32" failures="32" name="HW9Test" time="0.015" errors="0" skipped="0">
  <properties>
[...]
</properties>
  <testcase classname="HW9Test" name="HW9Test.testIsPositiveNumberHappyPath" time="0">
    <failure type="java.lang.NullPointerException">java.lang.NullPointerException
	at HW9Test.testIsPositiveNumberHappyPath(HW9Test.java:236)
</failure>
  </testcase>
  <testcase classname="HW9Test" name="HW9Test.testAreNumbersEqualHappyPath" time="0">
    <failure type="java.lang.NullPointerException">java.lang.NullPointerException
	at HW9Test.testAreNumbersEqualHappyPath(HW9Test.java:299)
</failure>
  </testcase>
  <testcase classname="HW9Test" name="HW9Test.testMinMaxAveStartMoreEndInt" time="0">
    <failure type="java.lang.NullPointerException">java.lang.NullPointerException
	at HW9Test.testMinMaxAveStartMoreEndInt(HW9Test.java:433)
</failure>
  </testcase>
  <testcase classname="HW9Test" name="HW9Test.testOddIndicesEmpty" time="0">
    <failure type="java.lang.NullPointerException">java.lang.NullPointerException
	at HW9Test.testOddIndicesEmpty(HW9Test.java:86)
</failure>
  </testcase>
  <testcase classname="HW9Test" name="HW9Test.testIntersectionHappyPath3" time="0">
    <failure type="java.lang.NullPointerException">java.lang.NullPointerException
	at HW9Test.testIntersectionHappyPath3(HW9Test.java:516)
</failure>
  </testcase>
  <testcase classname="HW9Test" name="HW9Test.testBiggerValueMinValueToMaxValue" time="0">
    <failure type="java.lang.NullPointerException">java.lang.NullPointerException
	at HW9Test.testBiggerValueMinValueToMaxValue(HW9Test.java:211)
</failure>
  </testcase>
  <testcase classname="HW9Test" name="HW9Test.testBiggerValueEqual" time="0">
    <failure type="java.lang.NullPointerException">java.lang.NullPointerException
	at HW9Test.testBiggerValueEqual(HW9Test.java:222)
</failure>
  </testcase>
  <testcase classname="HW9Test" name="HW9Test.testSumArrayNegativeNumbers" time="0">
    <failure type="java.lang.NullPointerException">java.lang.NullPointerException
	at HW9Test.testSumArrayNegativeNumbers(HW9Test.java:127)
</failure>
  </testcase>
  <testcase classname="HW9Test" name="HW9Test.testSumArrayMinValue" time="0">
    <failure type="java.lang.NullPointerException">java.lang.NullPointerException
	at HW9Test.testSumArrayMinValue(HW9Test.java:157)
</failure>
  </testcase>
  <testcase classname="HW9Test" name="HW9Test.testSumArrayMaxValue" time="0">
    <failure type="java.lang.NullPointerException">java.lang.NullPointerException
	at HW9Test.testSumArrayMaxValue(HW9Test.java:167)
</failure>
  </testcase>
  <testcase classname="HW9Test" name="HW9Test.testIsPositiveNumberMinValue" time="0">
    <failure type="java.lang.NullPointerException">java.lang.NullPointerException
	at HW9Test.testIsPositiveNumberMinValue(HW9Test.java:266)
</failure>
  </testcase>
  <testcase classname="HW9Test" name="HW9Test.testIsPositiveNumberZero" time="0">
    <failure type="java.lang.NullPointerException">java.lang.NullPointerException
	at HW9Test.testIsPositiveNumberZero(HW9Test.java:246)
</failure>
  </testcase>
  <testcase classname="HW9Test" name="HW9Test.testMinMaxAveNegativeEndInt" time="0">
    <failure type="java.lang.NullPointerException">java.lang.NullPointerException
	at HW9Test.testMinMaxAveNegativeEndInt(HW9Test.java:421)
</failure>
  </testcase>
  <testcase classname="HW9Test" name="HW9Test.testMinMaxAveArrayEmpty" time="0.015">
    <failure type="java.lang.NullPointerException">java.lang.NullPointerException
	at HW9Test.testMinMaxAveArrayEmpty(HW9Test.java:445)
</failure>
  </testcase>
  <testcase classname="HW9Test" name="HW9Test.testIntersectionHappyPath" time="0">
    <failure type="java.lang.NullPointerException">java.lang.NullPointerException
	at HW9Test.testIntersectionHappyPath(HW9Test.java:496)
</failure>
  </testcase>
  <testcase classname="HW9Test" name="HW9Test.testIntersectionHappyPath2" time="0">
    <failure type="java.lang.NullPointerException">java.lang.NullPointerException
	at HW9Test.testIntersectionHappyPath2(HW9Test.java:506)
</failure>
  </testcase>
  <testcase classname="HW9Test" name="HW9Test.testMinMaxAveZeroAverage" time="0">
    <failure type="java.lang.NullPointerException">java.lang.NullPointerException
	at HW9Test.testMinMaxAveZeroAverage(HW9Test.java:469)
</failure>
  </testcase>
  <testcase classname="HW9Test" name="HW9Test.testSumArrayHappyPath" time="0">
    <failure type="java.lang.NullPointerException">java.lang.NullPointerException
	at HW9Test.testSumArrayHappyPath(HW9Test.java:117)
</failure>
  </testcase>
  <testcase classname="HW9Test" name="HW9Test.testMinMaxAveNegativeStartInt" time="0">
    <failure type="java.lang.NullPointerException">java.lang.NullPointerException
	at HW9Test.testMinMaxAveNegativeStartInt(HW9Test.java:409)
</failure>
  </testcase>
  <testcase classname="HW9Test" name="HW9Test.testIsPositiveNumberNegative" time="0">
    <failure type="java.lang.NullPointerException">java.lang.NullPointerException
	at HW9Test.testIsPositiveNumberNegative(HW9Test.java:256)
</failure>
  </testcase>
  <testcase classname="HW9Test" name="HW9Test.testMinMaxAveHappyPath" time="0">
    <failure type="java.lang.NullPointerException">java.lang.NullPointerException
	at HW9Test.testMinMaxAveHappyPath(HW9Test.java:397)
</failure>
  </testcase>
  <testcase classname="HW9Test" name="HW9Test.testOddIndicesOnlyEven" time="0">
    <failure type="java.lang.NullPointerException">java.lang.NullPointerException
	at HW9Test.testOddIndicesOnlyEven(HW9Test.java:96)
</failure>
  </testcase>
  <testcase classname="HW9Test" name="HW9Test.testBiggerValueHappyPath" time="0">
    <failure type="java.lang.NullPointerException">java.lang.NullPointerException
	at HW9Test.testBiggerValueHappyPath(HW9Test.java:189)
</failure>
  </testcase>
  <testcase classname="HW9Test" name="HW9Test.testOddEvenHappyPath" time="0">
    <failure type="java.lang.NullPointerException">java.lang.NullPointerException
	at HW9Test.testOddEvenHappyPath(HW9Test.java:33)
</failure>
  </testcase>
  <testcase classname="HW9Test" name="HW9Test.testIsPositiveNumberMaxValue" time="0">
    <failure type="java.lang.NullPointerException">java.lang.NullPointerException
	at HW9Test.testIsPositiveNumberMaxValue(HW9Test.java:276)
</failure>
  </testcase>
  <testcase classname="HW9Test" name="HW9Test.testMinMaxAveOneIndex" time="0">
    <failure type="java.lang.NullPointerException">java.lang.NullPointerException
	at HW9Test.testMinMaxAveOneIndex(HW9Test.java:457)
</failure>
  </testcase>
  <testcase classname="HW9Test" name="HW9Test.testOddIndicesHappyPath" time="0">
    <failure type="java.lang.NullPointerException">java.lang.NullPointerException
	at HW9Test.testOddIndicesHappyPath(HW9Test.java:76)
</failure>
  </testcase>
  <testcase classname="HW9Test" name="HW9Test.testBiggerValueNegativeToZero" time="0">
    <failure type="java.lang.NullPointerException">java.lang.NullPointerException
	at HW9Test.testBiggerValueNegativeToZero(HW9Test.java:200)
</failure>
  </testcase>
  <testcase classname="HW9Test" name="HW9Test.testAreNumbersEqualMinValueMaxValue" time="0">
    <failure type="java.lang.NullPointerException">java.lang.NullPointerException
	at HW9Test.testAreNumbersEqualMinValueMaxValue(HW9Test.java:328)
</failure>
  </testcase>
  <testcase classname="HW9Test" name="HW9Test.testSumArrayNegativePositiveNumbers" time="0">
    <failure type="java.lang.NullPointerException">java.lang.NullPointerException
	at HW9Test.testSumArrayNegativePositiveNumbers(HW9Test.java:147)
</failure>
  </testcase>
  <testcase classname="HW9Test" name="HW9Test.testSumArrayEmpty" time="0">
    <failure type="java.lang.NullPointerException">java.lang.NullPointerException
	at HW9Test.testSumArrayEmpty(HW9Test.java:137)
</failure>
  </testcase>
  <testcase classname="HW9Test" name="HW9Test.testTask7HappyPath" time="0">
    <failure type="java.lang.NullPointerException">java.lang.NullPointerException
	at HW9Test.testTask7HappyPath(HW9Test.java:346)
</failure>
  </testcase>
</testsuite>